<?xml version="1.0" encoding="UTF-8" ?>

<testsuite failures="0" time="0.489" errors="0" skipped="0" tests="6" name="BasicTest">
  <testcase classname="BasicTest" name="testTryConnectAsUser" time="0.037">
      </testcase>
  <testcase classname="BasicTest" name="testUseTheCommentsRelation" time="0.068">
      </testcase>
  <testcase classname="BasicTest" name="testTags" time="0.113">
      </testcase>
  <testcase classname="BasicTest" name="testPostComment" time="0.046">
      </testcase>
  <testcase classname="BasicTest" name="fullTest" time="0.205">
      </testcase>
  <testcase classname="BasicTest" name="testCreateAndRetrieveUser" time="0.02">
      </testcase>
</testsuite>